%このファイルは日本語文字を含みます.
\BOOKMARK [0][-]{chapter.1}{ベクトル入門}{}% 1
\BOOKMARK [1][-]{section.1.1}{ベクトルの定義}{chapter.1}% 2
\BOOKMARK [1][-]{section.1.2}{のようなベクトル}{chapter.1}% 3
\BOOKMARK [1][-]{section.1.3}{\(1,2\)のようなベクトル}{chapter.1}% 4
\BOOKMARK [1][-]{section.1.4}{ベクトル入門での問題}{chapter.1}% 5
\BOOKMARK [0][-]{chapter.2}{ベクトルと図形}{}% 6
\BOOKMARK [1][-]{section.2.1}{図形の中でのベクトル}{chapter.2}% 7
\BOOKMARK [1][-]{section.2.2}{位置ベクトル}{chapter.2}% 8
\BOOKMARK [1][-]{section.2.3}{位置ベクトルの利用}{chapter.2}% 9
\BOOKMARK [1][-]{section.2.4}{平面図形とベクトル}{chapter.2}% 10
\BOOKMARK [1][-]{section.2.5}{空間図形とベクトル}{chapter.2}% 11
\BOOKMARK [1][-]{section.2.6}{ベクトルと図形での問題}{chapter.2}% 12
\BOOKMARK [0][-]{chapter.3}{ベクトル方程式}{}% 13
\BOOKMARK [1][-]{section.3.1}{ベクトル方程式の導入}{chapter.3}% 14
\BOOKMARK [1][-]{section.3.2}{直線のベクトル方程式}{chapter.3}% 15
\BOOKMARK [1][-]{section.3.3}{円のベクトル方程式}{chapter.3}% 16
\BOOKMARK [1][-]{section.3.4}{平面のベクトル方程式}{chapter.3}% 17
\BOOKMARK [1][-]{section.3.5}{球のベクトル方程式}{chapter.3}% 18
\BOOKMARK [1][-]{section.3.6}{ベクトル方程式と座標系}{chapter.3}% 19
\BOOKMARK [1][-]{section.3.7}{ベクトル方程式の利用}{chapter.3}% 20
